{"timestamp":"2025-11-04T07:02:06.355280Z","level":"info","event":"DAG bundles loaded: dags-folder","logger":"airflow.dag_processing.bundles.manager.DagBundlesManager","filename":"manager.py","lineno":179}
{"timestamp":"2025-11-04T07:02:06.355569Z","level":"info","event":"Filling up the DagBag from /opt/airflow/dags/netflix_pipeline_spark.py","logger":"airflow.models.dagbag.DagBag","filename":"dagbag.py","lineno":593}
{"timestamp":"2025-11-04T07:02:06.493432Z","level":"warning","event":"The `airflow.decorators.task` attribute is deprecated. Please use `'airflow.sdk.task'`.","category":"DeprecatedImportWarning","filename":"/opt/airflow/dags/netflix_pipeline_spark.py","lineno":3,"logger":"py.warnings"}
{"timestamp":"2025-11-04T07:02:06.535423Z","level":"info","event":"🚀 Initializing PySpark...","logger":"task.stdout"}
{"timestamp":"2025-11-04T07:02:06.546990Z","level":"error","event":"/home/airflow/.local/lib/python3.12/site-packages/pyspark/bin/load-spark-env.sh: line 68: ps: command not found","logger":"task.stderr"}
{"timestamp":"2025-11-04T07:02:07.121873Z","level":"error","event":"Setting default log level to \"WARN\".","logger":"task.stderr"}
{"timestamp":"2025-11-04T07:02:07.122080Z","level":"error","event":"To adjust logging level use sc.setLogLevel(newLevel). For SparkR, use setLogLevel(newLevel).","logger":"task.stderr"}
{"timestamp":"2025-11-04T07:02:07.204859Z","level":"error","event":"25/11/04 07:02:07 WARN NativeCodeLoader: Unable to load native-hadoop library for your platform... using builtin-java classes where applicable","logger":"task.stderr"}
{"timestamp":"2025-11-04T07:02:07.587896Z","level":"info","event":"✅ PySpark initialized successfully! Version: 3.5.0","logger":"task.stdout"}
{"timestamp":"2025-11-04T07:02:09.647901Z","level":"info","event":"📊 PySpark DataFrame created with 8809 rows","logger":"task.stdout"}
{"timestamp":"2025-11-04T07:02:09.648157Z","level":"info","event":"","logger":"task.stdout"}
{"timestamp":"2025-11-04T07:02:09.648244Z","level":"info","event":"============================================================","logger":"task.stdout"}
{"timestamp":"2025-11-04T07:02:09.648296Z","level":"info","event":"PYSPARK OPERATIONS DEMO","logger":"task.stdout"}
{"timestamp":"2025-11-04T07:02:09.648352Z","level":"info","event":"============================================================","logger":"task.stdout"}
{"timestamp":"2025-11-04T07:02:09.920284Z","level":"info","event":"","logger":"task.stdout"}
{"timestamp":"2025-11-04T07:02:09.920679Z","level":"info","event":"1. Content Type Counts (using PySpark groupBy):","logger":"task.stdout"}
{"timestamp":"2025-11-04T07:02:09.922417Z","level":"info","event":"   TV Show: 2676","logger":"task.stdout"}
{"timestamp":"2025-11-04T07:02:09.922616Z","level":"info","event":"   William Wyler: 1","logger":"task.stdout"}
{"timestamp":"2025-11-04T07:02:09.923103Z","level":"info","event":"   None: 1","logger":"task.stdout"}
{"timestamp":"2025-11-04T07:02:09.923362Z","level":"info","event":"   Movie: 6131","logger":"task.stdout"}
{"timestamp":"2025-11-04T07:02:10.075621Z","level":"info","event":"","logger":"task.stdout"}
{"timestamp":"2025-11-04T07:02:10.077402Z","level":"info","event":"2. Average Title Length (PySpark aggregation): 17.7 characters","logger":"task.stdout"}
{"timestamp":"2025-11-04T07:02:10.252702Z","level":"info","event":"","logger":"task.stdout"}
{"timestamp":"2025-11-04T07:02:10.252938Z","level":"info","event":"3. Filtered Counts (PySpark filter):","logger":"task.stdout"}
{"timestamp":"2025-11-04T07:02:10.253057Z","level":"info","event":"   Movies: 6131","logger":"task.stdout"}
{"timestamp":"2025-11-04T07:02:10.253129Z","level":"info","event":"   TV Shows: 2676","logger":"task.stdout"}
{"timestamp":"2025-11-04T07:02:10.316962Z","level":"info","event":"","logger":"task.stdout"}
{"timestamp":"2025-11-04T07:02:10.317259Z","level":"info","event":"4. Cleaned DataFrame (PySpark select + fillna): 8809 rows","logger":"task.stdout"}
{"timestamp":"2025-11-04T07:02:10.317499Z","level":"info","event":"============================================================","logger":"task.stdout"}
{"timestamp":"2025-11-04T07:02:10.317771Z","level":"info","event":"","logger":"task.stdout"}
{"timestamp":"2025-11-04T07:02:11.052981Z","level":"info","event":"✅ PySpark processing complete! Saved to: /opt/airflow/data/processed/netflix_spark_processed.csv","logger":"task.stdout"}
{"timestamp":"2025-11-04T07:02:11.053024Z","level":"info","event":"Done. Returned value was: /opt/airflow/data/processed/netflix_spark_processed.csv","logger":"airflow.task.operators.airflow.providers.standard.decorators.python._PythonDecoratedOperator","filename":"python.py","lineno":218}
{"timestamp":"2025-11-04T07:02:11.053188Z","level":"info","event":"Pushing xcom","ti":"RuntimeTaskInstance(id=UUID('019a4dac-3bf0-76ca-a9d8-6bd864c4dae4'), task_id='process_with_pyspark', dag_id='netflix_spark_pipeline', run_id='manual__2025-11-04T07:02:04.515215+00:00', try_number=1, dag_version_id=UUID('019a4dab-65bf-7d54-b822-76097d04c3d2'), map_index=-1, hostname='e7e3718d922e', context_carrier={}, task=<Task(_PythonDecoratedOperator): process_with_pyspark>, bundle_instance=LocalDagBundle(name=dags-folder), max_tries=1, start_date=datetime.datetime(2025, 11, 4, 7, 2, 6, 292703, tzinfo=datetime.timezone.utc), end_date=None, state=<TaskInstanceState.RUNNING: 'running'>, is_mapped=False, rendered_map_index=None)","logger":"task","filename":"task_runner.py","lineno":1352}
